{"C:\\Users\\Rishi\\Documents\\SMART VIDEO ENHANCER\\youtube-auto-skipper\\src\\engine\\normalizeSegments.ts": {"path":"C:\\Users\\Rishi\\Documents\\SMART VIDEO ENHANCER\\youtube-auto-skipper\\src\\engine\\normalizeSegments.ts","statementMap":{"0":{"start":{"line":14,"column":0},"end":{"line":14,"column":16}},"1":{"start":{"line":15,"column":2},"end":{"line":15,"column":68}},"2":{"start":{"line":17,"column":2},"end":{"line":20,"column":3}},"3":{"start":{"line":18,"column":4},"end":{"line":18,"column":56}},"4":{"start":{"line":19,"column":4},"end":{"line":19,"column":14}},"5":{"start":{"line":23,"column":17},"end":{"line":26,"column":5}},"6":{"start":{"line":23,"column":40},"end":{"line":26,"column":4}},"7":{"start":{"line":29,"column":17},"end":{"line":29,"column":62}},"8":{"start":{"line":29,"column":44},"end":{"line":29,"column":61}},"9":{"start":{"line":30,"column":28},"end":{"line":30,"column":30}},"10":{"start":{"line":31,"column":16},"end":{"line":31,"column":32}},"11":{"start":{"line":33,"column":2},"end":{"line":41,"column":3}},"12":{"start":{"line":33,"column":15},"end":{"line":33,"column":16}},"13":{"start":{"line":34,"column":17},"end":{"line":34,"column":26}},"14":{"start":{"line":35,"column":4},"end":{"line":40,"column":5}},"15":{"start":{"line":36,"column":6},"end":{"line":36,"column":52}},"16":{"start":{"line":38,"column":6},"end":{"line":38,"column":27}},"17":{"start":{"line":39,"column":6},"end":{"line":39,"column":28}},"18":{"start":{"line":42,"column":2},"end":{"line":42,"column":23}},"19":{"start":{"line":44,"column":2},"end":{"line":44,"column":65}},"20":{"start":{"line":45,"column":2},"end":{"line":45,"column":16}}},"fnMap":{"0":{"name":"normalizeSegments","decl":{"start":{"line":14,"column":16},"end":{"line":14,"column":33}},"loc":{"start":{"line":14,"column":66},"end":{"line":46,"column":1}}},"1":{"name":"(anonymous_1)","decl":{"start":{"line":23,"column":30},"end":{"line":23,"column":31}},"loc":{"start":{"line":23,"column":40},"end":{"line":26,"column":4}}},"2":{"name":"(anonymous_2)","decl":{"start":{"line":29,"column":34},"end":{"line":29,"column":35}},"loc":{"start":{"line":29,"column":44},"end":{"line":29,"column":61}}}},"branchMap":{"0":{"loc":{"start":{"line":14,"column":55},"end":{"line":14,"column":66}},"type":"default-arg","locations":[{"start":{"line":14,"column":65},"end":{"line":14,"column":66}}]},"1":{"loc":{"start":{"line":17,"column":2},"end":{"line":20,"column":3}},"type":"if","locations":[{"start":{"line":17,"column":2},"end":{"line":20,"column":3}},{"start":{},"end":{}}]},"2":{"loc":{"start":{"line":35,"column":4},"end":{"line":40,"column":5}},"type":"if","locations":[{"start":{"line":35,"column":4},"end":{"line":40,"column":5}},{"start":{"line":37,"column":11},"end":{"line":40,"column":5}}]}},"s":{"0":2,"1":7,"2":7,"3":1,"4":1,"5":6,"6":8,"7":6,"8":2,"9":6,"10":6,"11":6,"12":6,"13":2,"14":2,"15":1,"16":1,"17":1,"18":6,"19":6,"20":6},"f":{"0":7,"1":8,"2":2},"b":{"0":[6],"1":[1,6],"2":[1,1]}}
,"C:\\Users\\Rishi\\Documents\\SMART VIDEO ENHANCER\\youtube-auto-skipper\\src\\engine\\tieredFetcher.ts": {"path":"C:\\Users\\Rishi\\Documents\\SMART VIDEO ENHANCER\\youtube-auto-skipper\\src\\engine\\tieredFetcher.ts","statementMap":{"0":{"start":{"line":9,"column":0},"end":{"line":9,"column":7}},"1":{"start":{"line":2,"column":0},"end":{"line":2,"column":67}},"2":{"start":{"line":3,"column":0},"end":{"line":3,"column":70}},"3":{"start":{"line":4,"column":0},"end":{"line":4,"column":71}},"4":{"start":{"line":5,"column":0},"end":{"line":5,"column":56}},"5":{"start":{"line":10,"column":2},"end":{"line":32,"column":3}},"6":{"start":{"line":12,"column":21},"end":{"line":12,"column":50}},"7":{"start":{"line":13,"column":4},"end":{"line":13,"column":76}},"8":{"start":{"line":14,"column":4},"end":{"line":16,"column":5}},"9":{"start":{"line":15,"column":6},"end":{"line":15,"column":41}},"10":{"start":{"line":19,"column":15},"end":{"line":19,"column":55}},"11":{"start":{"line":20,"column":4},"end":{"line":20,"column":66}},"12":{"start":{"line":21,"column":4},"end":{"line":23,"column":5}},"13":{"start":{"line":22,"column":6},"end":{"line":22,"column":35}},"14":{"start":{"line":26,"column":23},"end":{"line":26,"column":54}},"15":{"start":{"line":27,"column":4},"end":{"line":27,"column":79}},"16":{"start":{"line":28,"column":4},"end":{"line":28,"column":41}},"17":{"start":{"line":30,"column":4},"end":{"line":30,"column":64}},"18":{"start":{"line":31,"column":4},"end":{"line":31,"column":14}}},"fnMap":{"0":{"name":"getSegmentsByPriority","decl":{"start":{"line":9,"column":22},"end":{"line":9,"column":43}},"loc":{"start":{"line":9,"column":59},"end":{"line":33,"column":1}}}},"branchMap":{"0":{"loc":{"start":{"line":14,"column":4},"end":{"line":16,"column":5}},"type":"if","locations":[{"start":{"line":14,"column":4},"end":{"line":16,"column":5}},{"start":{},"end":{}}]},"1":{"loc":{"start":{"line":21,"column":4},"end":{"line":23,"column":5}},"type":"if","locations":[{"start":{"line":21,"column":4},"end":{"line":23,"column":5}},{"start":{},"end":{}}]}},"s":{"0":1,"1":1,"2":1,"3":1,"4":1,"5":3,"6":3,"7":3,"8":3,"9":1,"10":2,"11":2,"12":2,"13":1,"14":1,"15":1,"16":1,"17":0,"18":0},"f":{"0":3},"b":{"0":[1,2],"1":[1,1]}}
}
