{"C:\\Users\\Rishi\\Documents\\SMART VIDEO ENHANCER\\youtube-auto-skipper\\src\\api\\SponsorBlockClient.ts": {"path":"C:\\Users\\Rishi\\Documents\\SMART VIDEO ENHANCER\\youtube-auto-skipper\\src\\api\\SponsorBlockClient.ts","statementMap":{"0":{"start":{"line":3,"column":0},"end":{"line":3,"column":7}},"1":{"start":{"line":4,"column":2},"end":{"line":18,"column":3}},"2":{"start":{"line":5,"column":16},"end":{"line":5,"column":91}},"3":{"start":{"line":6,"column":4},"end":{"line":6,"column":27}},"4":{"start":{"line":6,"column":17},"end":{"line":6,"column":27}},"5":{"start":{"line":8,"column":18},"end":{"line":8,"column":34}},"6":{"start":{"line":10,"column":4},"end":{"line":15,"column":10}},"7":{"start":{"line":11,"column":23},"end":{"line":11,"column":49}},"8":{"start":{"line":12,"column":21},"end":{"line":15,"column":8}},"9":{"start":{"line":17,"column":4},"end":{"line":17,"column":14}}},"fnMap":{"0":{"name":"fetchSponsorBlockSegments","decl":{"start":{"line":3,"column":22},"end":{"line":3,"column":47}},"loc":{"start":{"line":3,"column":63},"end":{"line":19,"column":1}}},"1":{"name":"(anonymous_1)","decl":{"start":{"line":11,"column":14},"end":{"line":11,"column":15}},"loc":{"start":{"line":11,"column":23},"end":{"line":11,"column":49}}},"2":{"name":"(anonymous_2)","decl":{"start":{"line":12,"column":11},"end":{"line":12,"column":12}},"loc":{"start":{"line":12,"column":21},"end":{"line":15,"column":8}}}},"branchMap":{"0":{"loc":{"start":{"line":6,"column":4},"end":{"line":6,"column":27}},"type":"if","locations":[{"start":{"line":6,"column":4},"end":{"line":6,"column":27}},{"start":{},"end":{}}]}},"s":{"0":1,"1":0,"2":0,"3":0,"4":0,"5":0,"6":0,"7":0,"8":0,"9":0},"f":{"0":0,"1":0,"2":0},"b":{"0":[0,0]}}
,"C:\\Users\\Rishi\\Documents\\SMART VIDEO ENHANCER\\youtube-auto-skipper\\src\\engine\\normalizeSegments.ts": {"path":"C:\\Users\\Rishi\\Documents\\SMART VIDEO ENHANCER\\youtube-auto-skipper\\src\\engine\\normalizeSegments.ts","statementMap":{"0":{"start":{"line":14,"column":0},"end":{"line":14,"column":16}},"1":{"start":{"line":15,"column":2},"end":{"line":15,"column":68}},"2":{"start":{"line":17,"column":2},"end":{"line":20,"column":3}},"3":{"start":{"line":18,"column":4},"end":{"line":18,"column":56}},"4":{"start":{"line":19,"column":4},"end":{"line":19,"column":14}},"5":{"start":{"line":23,"column":17},"end":{"line":26,"column":5}},"6":{"start":{"line":23,"column":38},"end":{"line":26,"column":4}},"7":{"start":{"line":29,"column":17},"end":{"line":29,"column":62}},"8":{"start":{"line":29,"column":44},"end":{"line":29,"column":61}},"9":{"start":{"line":30,"column":28},"end":{"line":30,"column":30}},"10":{"start":{"line":31,"column":16},"end":{"line":31,"column":32}},"11":{"start":{"line":33,"column":2},"end":{"line":41,"column":3}},"12":{"start":{"line":33,"column":15},"end":{"line":33,"column":16}},"13":{"start":{"line":34,"column":17},"end":{"line":34,"column":26}},"14":{"start":{"line":35,"column":4},"end":{"line":40,"column":5}},"15":{"start":{"line":36,"column":6},"end":{"line":36,"column":52}},"16":{"start":{"line":38,"column":6},"end":{"line":38,"column":27}},"17":{"start":{"line":39,"column":6},"end":{"line":39,"column":28}},"18":{"start":{"line":42,"column":2},"end":{"line":42,"column":23}},"19":{"start":{"line":44,"column":2},"end":{"line":44,"column":65}},"20":{"start":{"line":45,"column":2},"end":{"line":45,"column":16}}},"fnMap":{"0":{"name":"normalizeSegments","decl":{"start":{"line":14,"column":16},"end":{"line":14,"column":33}},"loc":{"start":{"line":14,"column":66},"end":{"line":46,"column":1}}},"1":{"name":"(anonymous_1)","decl":{"start":{"line":23,"column":30},"end":{"line":23,"column":33}},"loc":{"start":{"line":23,"column":38},"end":{"line":26,"column":4}}},"2":{"name":"(anonymous_2)","decl":{"start":{"line":29,"column":34},"end":{"line":29,"column":35}},"loc":{"start":{"line":29,"column":44},"end":{"line":29,"column":61}}}},"branchMap":{"0":{"loc":{"start":{"line":14,"column":55},"end":{"line":14,"column":66}},"type":"default-arg","locations":[{"start":{"line":14,"column":65},"end":{"line":14,"column":66}}]},"1":{"loc":{"start":{"line":17,"column":2},"end":{"line":20,"column":3}},"type":"if","locations":[{"start":{"line":17,"column":2},"end":{"line":20,"column":3}},{"start":{},"end":{}}]},"2":{"loc":{"start":{"line":35,"column":4},"end":{"line":40,"column":5}},"type":"if","locations":[{"start":{"line":35,"column":4},"end":{"line":40,"column":5}},{"start":{"line":37,"column":11},"end":{"line":40,"column":5}}]}},"s":{"0":1,"1":4,"2":4,"3":1,"4":1,"5":3,"6":5,"7":3,"8":2,"9":3,"10":3,"11":3,"12":3,"13":2,"14":2,"15":1,"16":1,"17":1,"18":3,"19":3,"20":3},"f":{"0":4,"1":5,"2":2},"b":{"0":[3],"1":[1,3],"2":[1,1]}}
,"C:\\Users\\Rishi\\Documents\\SMART VIDEO ENHANCER\\youtube-auto-skipper\\src\\engine\\tieredFetcher.ts": {"path":"C:\\Users\\Rishi\\Documents\\SMART VIDEO ENHANCER\\youtube-auto-skipper\\src\\engine\\tieredFetcher.ts","statementMap":{"0":{"start":{"line":8,"column":0},"end":{"line":8,"column":7}},"1":{"start":{"line":1,"column":0},"end":{"line":1,"column":67}},"2":{"start":{"line":2,"column":0},"end":{"line":2,"column":70}},"3":{"start":{"line":3,"column":0},"end":{"line":3,"column":71}},"4":{"start":{"line":10,"column":19},"end":{"line":10,"column":48}},"5":{"start":{"line":11,"column":2},"end":{"line":11,"column":74}},"6":{"start":{"line":12,"column":2},"end":{"line":12,"column":39}},"7":{"start":{"line":12,"column":23},"end":{"line":12,"column":39}},"8":{"start":{"line":15,"column":13},"end":{"line":15,"column":53}},"9":{"start":{"line":16,"column":2},"end":{"line":16,"column":64}},"10":{"start":{"line":17,"column":2},"end":{"line":17,"column":27}},"11":{"start":{"line":17,"column":17},"end":{"line":17,"column":27}},"12":{"start":{"line":20,"column":13},"end":{"line":20,"column":44}},"13":{"start":{"line":21,"column":2},"end":{"line":21,"column":69}},"14":{"start":{"line":22,"column":2},"end":{"line":22,"column":12}}},"fnMap":{"0":{"name":"getSegmentsByPriority","decl":{"start":{"line":8,"column":22},"end":{"line":8,"column":43}},"loc":{"start":{"line":8,"column":59},"end":{"line":23,"column":1}}}},"branchMap":{"0":{"loc":{"start":{"line":12,"column":2},"end":{"line":12,"column":39}},"type":"if","locations":[{"start":{"line":12,"column":2},"end":{"line":12,"column":39}},{"start":{},"end":{}}]},"1":{"loc":{"start":{"line":17,"column":2},"end":{"line":17,"column":27}},"type":"if","locations":[{"start":{"line":17,"column":2},"end":{"line":17,"column":27}},{"start":{},"end":{}}]}},"s":{"0":1,"1":1,"2":1,"3":1,"4":3,"5":3,"6":3,"7":1,"8":2,"9":2,"10":2,"11":1,"12":1,"13":1,"14":1},"f":{"0":3},"b":{"0":[1,2],"1":[1,1]}}
,"C:\\Users\\Rishi\\Documents\\SMART VIDEO ENHANCER\\youtube-auto-skipper\\src\\pipeline\\chapterScraper.ts": {"path":"C:\\Users\\Rishi\\Documents\\SMART VIDEO ENHANCER\\youtube-auto-skipper\\src\\pipeline\\chapterScraper.ts","statementMap":{"0":{"start":{"line":32,"column":0},"end":{"line":32,"column":7}},"1":{"start":{"line":6,"column":2},"end":{"line":13,"column":3}},"2":{"start":{"line":6,"column":15},"end":{"line":6,"column":16}},"3":{"start":{"line":7,"column":16},"end":{"line":7,"column":61}},"4":{"start":{"line":8,"column":4},"end":{"line":11,"column":5}},"5":{"start":{"line":9,"column":6},"end":{"line":9,"column":18}},"6":{"start":{"line":10,"column":6},"end":{"line":10,"column":13}},"7":{"start":{"line":12,"column":4},"end":{"line":12,"column":51}},"8":{"start":{"line":12,"column":29},"end":{"line":12,"column":49}},"9":{"start":{"line":14,"column":2},"end":{"line":14,"column":79}},"10":{"start":{"line":18,"column":16},"end":{"line":18,"column":42}},"11":{"start":{"line":22,"column":16},"end":{"line":22,"column":41}},"12":{"start":{"line":23,"column":2},"end":{"line":26,"column":3}},"13":{"start":{"line":24,"column":22},"end":{"line":24,"column":27}},"14":{"start":{"line":25,"column":4},"end":{"line":25,"column":33}},"15":{"start":{"line":27,"column":17},"end":{"line":27,"column":22}},"16":{"start":{"line":28,"column":2},"end":{"line":28,"column":20}},"17":{"start":{"line":33,"column":2},"end":{"line":33,"column":49}},"18":{"start":{"line":34,"column":2},"end":{"line":34,"column":34}},"19":{"start":{"line":35,"column":2},"end":{"line":35,"column":47}},"20":{"start":{"line":35,"column":27},"end":{"line":35,"column":45}},"21":{"start":{"line":38,"column":14},"end":{"line":38,"column":88}},"22":{"start":{"line":39,"column":2},"end":{"line":39,"column":53}},"23":{"start":{"line":42,"column":20},"end":{"line":42,"column":67}},"24":{"start":{"line":42,"column":38},"end":{"line":42,"column":66}},"25":{"start":{"line":43,"column":2},"end":{"line":43,"column":77}},"26":{"start":{"line":45,"column":2},"end":{"line":48,"column":3}},"27":{"start":{"line":46,"column":4},"end":{"line":46,"column":61}},"28":{"start":{"line":47,"column":4},"end":{"line":47,"column":14}},"29":{"start":{"line":51,"column":16},"end":{"line":51,"column":66}},"30":{"start":{"line":52,"column":19},"end":{"line":52,"column":33}},"31":{"start":{"line":53,"column":15},"end":{"line":79,"column":4}},"32":{"start":{"line":55,"column":16},"end":{"line":55,"column":37}},"33":{"start":{"line":56,"column":14},"end":{"line":56,"column":33}},"34":{"start":{"line":57,"column":18},"end":{"line":57,"column":33}},"35":{"start":{"line":60,"column":17},"end":{"line":60,"column":35}},"36":{"start":{"line":61,"column":16},"end":{"line":61,"column":81}},"37":{"start":{"line":65,"column":16},"end":{"line":65,"column":18}},"38":{"start":{"line":66,"column":24},"end":{"line":66,"column":72}},"39":{"start":{"line":67,"column":4},"end":{"line":76,"column":5}},"40":{"start":{"line":68,"column":6},"end":{"line":68,"column":46}},"41":{"start":{"line":71,"column":20},"end":{"line":74,"column":45}},"42":{"start":{"line":73,"column":20},"end":{"line":73,"column":28}},"43":{"start":{"line":74,"column":23},"end":{"line":74,"column":44}},"44":{"start":{"line":75,"column":6},"end":{"line":75,"column":29}},"45":{"start":{"line":78,"column":4},"end":{"line":78,"column":33}},"46":{"start":{"line":82,"column":22},"end":{"line":82,"column":66}},"47":{"start":{"line":82,"column":41},"end":{"line":82,"column":65}},"48":{"start":{"line":83,"column":2},"end":{"line":83,"column":53}},"49":{"start":{"line":86,"column":2},"end":{"line":86,"column":63}},"50":{"start":{"line":86,"column":46},"end":{"line":86,"column":60}}},"fnMap":{"0":{"name":"clickWithRetry","decl":{"start":{"line":5,"column":15},"end":{"line":5,"column":29}},"loc":{"start":{"line":5,"column":73},"end":{"line":15,"column":1}}},"1":{"name":"(anonymous_1)","decl":{"start":{"line":12,"column":22},"end":{"line":12,"column":23}},"loc":{"start":{"line":12,"column":29},"end":{"line":12,"column":49}}},"2":{"name":"toSeconds","decl":{"start":{"line":21,"column":9},"end":{"line":21,"column":18}},"loc":{"start":{"line":21,"column":29},"end":{"line":29,"column":1}}},"3":{"name":"scrapeChapterSegments","decl":{"start":{"line":32,"column":22},"end":{"line":32,"column":43}},"loc":{"start":{"line":32,"column":43},"end":{"line":87,"column":1}}},"4":{"name":"(anonymous_4)","decl":{"start":{"line":35,"column":20},"end":{"line":35,"column":21}},"loc":{"start":{"line":35,"column":27},"end":{"line":35,"column":45}}},"5":{"name":"(anonymous_5)","decl":{"start":{"line":42,"column":31},"end":{"line":42,"column":32}},"loc":{"start":{"line":42,"column":38},"end":{"line":42,"column":66}}},"6":{"name":"(anonymous_6)","decl":{"start":{"line":53,"column":29},"end":{"line":53,"column":30}},"loc":{"start":{"line":53,"column":40},"end":{"line":79,"column":3}}},"7":{"name":"(anonymous_7)","decl":{"start":{"line":73,"column":13},"end":{"line":73,"column":14}},"loc":{"start":{"line":73,"column":20},"end":{"line":73,"column":28}}},"8":{"name":"(anonymous_8)","decl":{"start":{"line":74,"column":16},"end":{"line":74,"column":17}},"loc":{"start":{"line":74,"column":23},"end":{"line":74,"column":44}}},"9":{"name":"(anonymous_9)","decl":{"start":{"line":82,"column":34},"end":{"line":82,"column":35}},"loc":{"start":{"line":82,"column":41},"end":{"line":82,"column":65}}},"10":{"name":"(anonymous_10)","decl":{"start":{"line":86,"column":25},"end":{"line":86,"column":26}},"loc":{"start":{"line":86,"column":46},"end":{"line":86,"column":60}}}},"branchMap":{"0":{"loc":{"start":{"line":5,"column":48},"end":{"line":5,"column":60}},"type":"default-arg","locations":[{"start":{"line":5,"column":59},"end":{"line":5,"column":60}}]},"1":{"loc":{"start":{"line":5,"column":62},"end":{"line":5,"column":73}},"type":"default-arg","locations":[{"start":{"line":5,"column":70},"end":{"line":5,"column":73}}]},"2":{"loc":{"start":{"line":8,"column":4},"end":{"line":11,"column":5}},"type":"if","locations":[{"start":{"line":8,"column":4},"end":{"line":11,"column":5}},{"start":{},"end":{}}]},"3":{"loc":{"start":{"line":23,"column":2},"end":{"line":26,"column":3}},"type":"if","locations":[{"start":{"line":23,"column":2},"end":{"line":26,"column":3}},{"start":{},"end":{}}]},"4":{"loc":{"start":{"line":45,"column":2},"end":{"line":48,"column":3}},"type":"if","locations":[{"start":{"line":45,"column":2},"end":{"line":48,"column":3}},{"start":{},"end":{}}]},"5":{"loc":{"start":{"line":61,"column":16},"end":{"line":61,"column":81}},"type":"cond-expr","locations":[{"start":{"line":61,"column":23},"end":{"line":61,"column":70}},{"start":{"line":61,"column":73},"end":{"line":61,"column":81}}]},"6":{"loc":{"start":{"line":67,"column":4},"end":{"line":76,"column":5}},"type":"if","locations":[{"start":{"line":67,"column":4},"end":{"line":76,"column":5}},{"start":{"line":69,"column":11},"end":{"line":76,"column":5}}]},"7":{"loc":{"start":{"line":67,"column":8},"end":{"line":67,"column":62}},"type":"binary-expr","locations":[{"start":{"line":67,"column":8},"end":{"line":67,"column":19}},{"start":{"line":67,"column":23},"end":{"line":67,"column":62}}]},"8":{"loc":{"start":{"line":74,"column":23},"end":{"line":74,"column":44}},"type":"binary-expr","locations":[{"start":{"line":74,"column":23},"end":{"line":74,"column":24}},{"start":{"line":74,"column":28},"end":{"line":74,"column":44}}]},"9":{"loc":{"start":{"line":75,"column":14},"end":{"line":75,"column":28}},"type":"binary-expr","locations":[{"start":{"line":75,"column":14},"end":{"line":75,"column":22}},{"start":{"line":75,"column":26},"end":{"line":75,"column":28}}]}},"s":{"0":1,"1":0,"2":0,"3":0,"4":0,"5":0,"6":0,"7":0,"8":0,"9":0,"10":1,"11":0,"12":0,"13":0,"14":0,"15":0,"16":0,"17":0,"18":0,"19":0,"20":0,"21":0,"22":0,"23":0,"24":0,"25":0,"26":0,"27":0,"28":0,"29":0,"30":0,"31":0,"32":0,"33":0,"34":0,"35":0,"36":0,"37":0,"38":0,"39":0,"40":0,"41":0,"42":0,"43":0,"44":0,"45":0,"46":0,"47":0,"48":0,"49":0,"50":0},"f":{"0":0,"1":0,"2":0,"3":0,"4":0,"5":0,"6":0,"7":0,"8":0,"9":0,"10":0},"b":{"0":[0],"1":[0],"2":[0,0],"3":[0,0],"4":[0,0],"5":[0,0],"6":[0,0],"7":[0,0],"8":[0,0],"9":[0,0]}}
,"C:\\Users\\Rishi\\Documents\\SMART VIDEO ENHANCER\\youtube-auto-skipper\\src\\pipeline\\transcriptParser.ts": {"path":"C:\\Users\\Rishi\\Documents\\SMART VIDEO ENHANCER\\youtube-auto-skipper\\src\\pipeline\\transcriptParser.ts","statementMap":{"0":{"start":{"line":50,"column":0},"end":{"line":50,"column":7}},"1":{"start":{"line":2,"column":0},"end":{"line":2,"column":68}},"2":{"start":{"line":6,"column":2},"end":{"line":13,"column":3}},"3":{"start":{"line":6,"column":15},"end":{"line":6,"column":16}},"4":{"start":{"line":7,"column":16},"end":{"line":7,"column":61}},"5":{"start":{"line":8,"column":4},"end":{"line":11,"column":5}},"6":{"start":{"line":9,"column":6},"end":{"line":9,"column":18}},"7":{"start":{"line":10,"column":6},"end":{"line":10,"column":13}},"8":{"start":{"line":12,"column":4},"end":{"line":12,"column":51}},"9":{"start":{"line":12,"column":29},"end":{"line":12,"column":49}},"10":{"start":{"line":14,"column":2},"end":{"line":14,"column":79}},"11":{"start":{"line":18,"column":2},"end":{"line":18,"column":34}},"12":{"start":{"line":19,"column":2},"end":{"line":19,"column":83}},"13":{"start":{"line":23,"column":16},"end":{"line":23,"column":26}},"14":{"start":{"line":24,"column":2},"end":{"line":27,"column":3}},"15":{"start":{"line":25,"column":4},"end":{"line":25,"column":66}},"16":{"start":{"line":25,"column":59},"end":{"line":25,"column":66}},"17":{"start":{"line":26,"column":4},"end":{"line":26,"column":49}},"18":{"start":{"line":26,"column":29},"end":{"line":26,"column":47}},"19":{"start":{"line":28,"column":2},"end":{"line":28,"column":53}},"20":{"start":{"line":32,"column":16},"end":{"line":32,"column":78}},"21":{"start":{"line":33,"column":2},"end":{"line":33,"column":24}},"22":{"start":{"line":33,"column":14},"end":{"line":33,"column":24}},"23":{"start":{"line":35,"column":15},"end":{"line":35,"column":85}},"24":{"start":{"line":37,"column":22},"end":{"line":45,"column":4}},"25":{"start":{"line":38,"column":16},"end":{"line":38,"column":68}},"26":{"start":{"line":39,"column":18},"end":{"line":39,"column":65}},"27":{"start":{"line":40,"column":15},"end":{"line":40,"column":46}},"28":{"start":{"line":41,"column":18},"end":{"line":41,"column":43}},"29":{"start":{"line":43,"column":6},"end":{"line":43,"column":96}},"30":{"start":{"line":44,"column":4},"end":{"line":44,"column":58}},"31":{"start":{"line":47,"column":2},"end":{"line":47,"column":14}},"32":{"start":{"line":51,"column":2},"end":{"line":60,"column":3}},"33":{"start":{"line":52,"column":4},"end":{"line":52,"column":32}},"34":{"start":{"line":53,"column":4},"end":{"line":53,"column":35}},"35":{"start":{"line":54,"column":4},"end":{"line":54,"column":49}},"36":{"start":{"line":54,"column":29},"end":{"line":54,"column":47}},"37":{"start":{"line":55,"column":17},"end":{"line":55,"column":39}},"38":{"start":{"line":56,"column":4},"end":{"line":56,"column":57}},"39":{"start":{"line":58,"column":4},"end":{"line":58,"column":63}},"40":{"start":{"line":59,"column":4},"end":{"line":59,"column":14}}},"fnMap":{"0":{"name":"clickWithRetry","decl":{"start":{"line":5,"column":15},"end":{"line":5,"column":29}},"loc":{"start":{"line":5,"column":73},"end":{"line":15,"column":1}}},"1":{"name":"(anonymous_1)","decl":{"start":{"line":12,"column":22},"end":{"line":12,"column":23}},"loc":{"start":{"line":12,"column":29},"end":{"line":12,"column":49}}},"2":{"name":"openTranscriptPanel","decl":{"start":{"line":17,"column":15},"end":{"line":17,"column":34}},"loc":{"start":{"line":17,"column":34},"end":{"line":20,"column":1}}},"3":{"name":"waitForTranscriptPanel","decl":{"start":{"line":22,"column":15},"end":{"line":22,"column":37}},"loc":{"start":{"line":22,"column":52},"end":{"line":29,"column":1}}},"4":{"name":"(anonymous_4)","decl":{"start":{"line":26,"column":22},"end":{"line":26,"column":23}},"loc":{"start":{"line":26,"column":29},"end":{"line":26,"column":47}}},"5":{"name":"parseTranscriptPanel","decl":{"start":{"line":31,"column":9},"end":{"line":31,"column":29}},"loc":{"start":{"line":31,"column":29},"end":{"line":48,"column":1}}},"6":{"name":"(anonymous_6)","decl":{"start":{"line":37,"column":43},"end":{"line":37,"column":44}},"loc":{"start":{"line":37,"column":51},"end":{"line":45,"column":3}}},"7":{"name":"parseTranscriptSegments","decl":{"start":{"line":50,"column":22},"end":{"line":50,"column":45}},"loc":{"start":{"line":50,"column":45},"end":{"line":61,"column":1}}},"8":{"name":"(anonymous_8)","decl":{"start":{"line":54,"column":22},"end":{"line":54,"column":23}},"loc":{"start":{"line":54,"column":29},"end":{"line":54,"column":47}}}},"branchMap":{"0":{"loc":{"start":{"line":5,"column":48},"end":{"line":5,"column":60}},"type":"default-arg","locations":[{"start":{"line":5,"column":59},"end":{"line":5,"column":60}}]},"1":{"loc":{"start":{"line":5,"column":62},"end":{"line":5,"column":73}},"type":"default-arg","locations":[{"start":{"line":5,"column":70},"end":{"line":5,"column":73}}]},"2":{"loc":{"start":{"line":8,"column":4},"end":{"line":11,"column":5}},"type":"if","locations":[{"start":{"line":8,"column":4},"end":{"line":11,"column":5}},{"start":{},"end":{}}]},"3":{"loc":{"start":{"line":22,"column":38},"end":{"line":22,"column":52}},"type":"default-arg","locations":[{"start":{"line":22,"column":48},"end":{"line":22,"column":52}}]},"4":{"loc":{"start":{"line":25,"column":4},"end":{"line":25,"column":66}},"type":"if","locations":[{"start":{"line":25,"column":4},"end":{"line":25,"column":66}},{"start":{},"end":{}}]},"5":{"loc":{"start":{"line":33,"column":2},"end":{"line":33,"column":24}},"type":"if","locations":[{"start":{"line":33,"column":2},"end":{"line":33,"column":24}},{"start":{},"end":{}}]},"6":{"loc":{"start":{"line":40,"column":15},"end":{"line":40,"column":46}},"type":"binary-expr","locations":[{"start":{"line":40,"column":15},"end":{"line":40,"column":36}},{"start":{"line":40,"column":40},"end":{"line":40,"column":46}}]},"7":{"loc":{"start":{"line":43,"column":6},"end":{"line":43,"column":96}},"type":"cond-expr","locations":[{"start":{"line":43,"column":27},"end":{"line":43,"column":51}},{"start":{"line":43,"column":54},"end":{"line":43,"column":96}}]},"8":{"loc":{"start":{"line":44,"column":26},"end":{"line":44,"column":55}},"type":"binary-expr","locations":[{"start":{"line":44,"column":26},"end":{"line":44,"column":49}},{"start":{"line":44,"column":53},"end":{"line":44,"column":55}}]}},"s":{"0":1,"1":1,"2":0,"3":0,"4":0,"5":0,"6":0,"7":0,"8":0,"9":0,"10":0,"11":0,"12":0,"13":0,"14":0,"15":0,"16":0,"17":0,"18":0,"19":0,"20":0,"21":0,"22":0,"23":0,"24":0,"25":0,"26":0,"27":0,"28":0,"29":0,"30":0,"31":0,"32":0,"33":0,"34":0,"35":0,"36":0,"37":0,"38":0,"39":0,"40":0},"f":{"0":0,"1":0,"2":0,"3":0,"4":0,"5":0,"6":0,"7":0,"8":0},"b":{"0":[0],"1":[0],"2":[0,0],"3":[0],"4":[0,0],"5":[0,0],"6":[0,0],"7":[0,0],"8":[0,0]}}
,"C:\\Users\\Rishi\\Documents\\SMART VIDEO ENHANCER\\youtube-auto-skipper\\src\\services\\SmartDetectService.ts": {"path":"C:\\Users\\Rishi\\Documents\\SMART VIDEO ENHANCER\\youtube-auto-skipper\\src\\services\\SmartDetectService.ts","statementMap":{"0":{"start":{"line":5,"column":10},"end":{"line":6,"column":110}},"1":{"start":{"line":9,"column":10},"end":{"line":10,"column":146}},"2":{"start":{"line":12,"column":10},"end":{"line":12,"column":27}},"3":{"start":{"line":15,"column":4},"end":{"line":15,"column":55}},"4":{"start":{"line":15,"column":23},"end":{"line":15,"column":55}},"5":{"start":{"line":16,"column":4},"end":{"line":16,"column":49}},"6":{"start":{"line":16,"column":21},"end":{"line":16,"column":49}},"7":{"start":{"line":17,"column":4},"end":{"line":17,"column":52}},"8":{"start":{"line":17,"column":21},"end":{"line":17,"column":52}},"9":{"start":{"line":21,"column":32},"end":{"line":21,"column":34}},"10":{"start":{"line":23,"column":4},"end":{"line":55,"column":5}},"11":{"start":{"line":23,"column":17},"end":{"line":23,"column":18}},"12":{"start":{"line":24,"column":18},"end":{"line":24,"column":25}},"13":{"start":{"line":26,"column":6},"end":{"line":54,"column":7}},"14":{"start":{"line":27,"column":26},"end":{"line":27,"column":52}},"15":{"start":{"line":28,"column":37},"end":{"line":28,"column":41}},"16":{"start":{"line":31,"column":8},"end":{"line":37,"column":9}},"17":{"start":{"line":31,"column":21},"end":{"line":31,"column":26}},"18":{"start":{"line":32,"column":10},"end":{"line":36,"column":11}},"19":{"start":{"line":33,"column":12},"end":{"line":33,"column":74}},"20":{"start":{"line":34,"column":12},"end":{"line":34,"column":82}},"21":{"start":{"line":35,"column":12},"end":{"line":35,"column":18}},"22":{"start":{"line":39,"column":8},"end":{"line":44,"column":9}},"23":{"start":{"line":40,"column":10},"end":{"line":42,"column":12}},"24":{"start":{"line":43,"column":10},"end":{"line":43,"column":49}},"25":{"start":{"line":46,"column":8},"end":{"line":46,"column":58}},"26":{"start":{"line":49,"column":8},"end":{"line":53,"column":9}},"27":{"start":{"line":50,"column":10},"end":{"line":52,"column":11}},"28":{"start":{"line":51,"column":12},"end":{"line":51,"column":16}},"29":{"start":{"line":57,"column":4},"end":{"line":57,"column":81}},"30":{"start":{"line":58,"column":4},"end":{"line":58,"column":20}},"31":{"start":{"line":4,"column":0},"end":{"line":4,"column":13}}},"fnMap":{"0":{"name":"(anonymous_0)","decl":{"start":{"line":14,"column":2},"end":{"line":14,"column":14}},"loc":{"start":{"line":14,"column":80},"end":{"line":18,"column":3}}},"1":{"name":"(anonymous_1)","decl":{"start":{"line":20,"column":2},"end":{"line":20,"column":16}},"loc":{"start":{"line":20,"column":28},"end":{"line":59,"column":3}}}},"branchMap":{"0":{"loc":{"start":{"line":15,"column":4},"end":{"line":15,"column":55}},"type":"if","locations":[{"start":{"line":15,"column":4},"end":{"line":15,"column":55}},{"start":{},"end":{}}]},"1":{"loc":{"start":{"line":16,"column":4},"end":{"line":16,"column":49}},"type":"if","locations":[{"start":{"line":16,"column":4},"end":{"line":16,"column":49}},{"start":{},"end":{}}]},"2":{"loc":{"start":{"line":17,"column":4},"end":{"line":17,"column":52}},"type":"if","locations":[{"start":{"line":17,"column":4},"end":{"line":17,"column":52}},{"start":{},"end":{}}]},"3":{"loc":{"start":{"line":26,"column":6},"end":{"line":54,"column":7}},"type":"if","locations":[{"start":{"line":26,"column":6},"end":{"line":54,"column":7}},{"start":{},"end":{}}]},"4":{"loc":{"start":{"line":32,"column":10},"end":{"line":36,"column":11}},"type":"if","locations":[{"start":{"line":32,"column":10},"end":{"line":36,"column":11}},{"start":{},"end":{}}]},"5":{"loc":{"start":{"line":33,"column":22},"end":{"line":33,"column":73}},"type":"cond-expr","locations":[{"start":{"line":33,"column":36},"end":{"line":33,"column":53}},{"start":{"line":33,"column":56},"end":{"line":33,"column":73}}]},"6":{"loc":{"start":{"line":39,"column":8},"end":{"line":44,"column":9}},"type":"if","locations":[{"start":{"line":39,"column":8},"end":{"line":44,"column":9}},{"start":{},"end":{}}]},"7":{"loc":{"start":{"line":49,"column":8},"end":{"line":53,"column":9}},"type":"if","locations":[{"start":{"line":49,"column":8},"end":{"line":53,"column":9}},{"start":{},"end":{}}]},"8":{"loc":{"start":{"line":50,"column":17},"end":{"line":50,"column":59}},"type":"binary-expr","locations":[{"start":{"line":50,"column":17},"end":{"line":50,"column":32}},{"start":{"line":50,"column":36},"end":{"line":50,"column":59}}]}},"s":{"0":0,"1":0,"2":0,"3":0,"4":0,"5":0,"6":0,"7":0,"8":0,"9":0,"10":0,"11":0,"12":0,"13":0,"14":0,"15":0,"16":0,"17":0,"18":0,"19":0,"20":0,"21":0,"22":0,"23":0,"24":0,"25":0,"26":0,"27":0,"28":0,"29":0,"30":0,"31":1},"f":{"0":0,"1":0},"b":{"0":[0,0],"1":[0,0],"2":[0,0],"3":[0,0],"4":[0,0],"5":[0,0],"6":[0,0],"7":[0,0],"8":[0,0]}}
}
