TN:
SF:src\engine\normalizeSegments.ts
FN:14,normalizeSegments
FN:23,(anonymous_1)
FN:29,(anonymous_2)
FNF:3
FNH:3
FNDA:7,normalizeSegments
FNDA:8,(anonymous_1)
FNDA:2,(anonymous_2)
DA:14,2
DA:15,7
DA:17,7
DA:18,1
DA:19,1
DA:23,8
DA:29,6
DA:30,6
DA:31,6
DA:33,6
DA:34,2
DA:35,2
DA:36,1
DA:38,1
DA:39,1
DA:42,6
DA:44,6
DA:45,6
LF:18
LH:18
BRDA:14,0,0,6
BRDA:17,1,0,1
BRDA:17,1,1,6
BRDA:35,2,0,1
BRDA:35,2,1,1
BRF:5
BRH:5
end_of_record
TN:
SF:src\engine\tieredFetcher.ts
FN:9,getSegmentsByPriority
FNF:1
FNH:1
FNDA:3,getSegmentsByPriority
DA:2,1
DA:3,1
DA:4,1
DA:5,1
DA:9,1
DA:10,3
DA:12,3
DA:13,3
DA:14,3
DA:15,1
DA:19,2
DA:20,2
DA:21,2
DA:22,1
DA:26,1
DA:27,1
DA:28,1
DA:30,0
DA:31,0
LF:19
LH:17
BRDA:14,0,0,1
BRDA:14,0,1,2
BRDA:21,1,0,1
BRDA:21,1,1,1
BRF:4
BRH:4
end_of_record
