TN:
SF:src\api\SponsorBlockClient.ts
FN:3,fetchSponsorBlockSegments
FN:11,(anonymous_1)
FN:12,(anonymous_2)
FNF:3
FNH:0
FNDA:0,fetchSponsorBlockSegments
FNDA:0,(anonymous_1)
FNDA:0,(anonymous_2)
DA:3,1
DA:4,0
DA:5,0
DA:6,0
DA:8,0
DA:10,0
DA:11,0
DA:12,0
DA:17,0
LF:9
LH:1
BRDA:6,0,0,0
BRDA:6,0,1,0
BRF:2
BRH:0
end_of_record
TN:
SF:src\engine\normalizeSegments.ts
FN:14,normalizeSegments
FN:23,(anonymous_1)
FN:29,(anonymous_2)
FNF:3
FNH:3
FNDA:4,normalizeSegments
FNDA:5,(anonymous_1)
FNDA:2,(anonymous_2)
DA:14,1
DA:15,4
DA:17,4
DA:18,1
DA:19,1
DA:23,5
DA:29,3
DA:30,3
DA:31,3
DA:33,3
DA:34,2
DA:35,2
DA:36,1
DA:38,1
DA:39,1
DA:42,3
DA:44,3
DA:45,3
LF:18
LH:18
BRDA:14,0,0,3
BRDA:17,1,0,1
BRDA:17,1,1,3
BRDA:35,2,0,1
BRDA:35,2,1,1
BRF:5
BRH:5
end_of_record
TN:
SF:src\engine\tieredFetcher.ts
FN:8,getSegmentsByPriority
FNF:1
FNH:1
FNDA:3,getSegmentsByPriority
DA:1,1
DA:2,1
DA:3,1
DA:8,1
DA:10,3
DA:11,3
DA:12,3
DA:15,2
DA:16,2
DA:17,2
DA:20,1
DA:21,1
DA:22,1
LF:13
LH:13
BRDA:12,0,0,1
BRDA:12,0,1,2
BRDA:17,1,0,1
BRDA:17,1,1,1
BRF:4
BRH:4
end_of_record
TN:
SF:src\pipeline\chapterScraper.ts
FN:5,clickWithRetry
FN:12,(anonymous_1)
FN:21,toSeconds
FN:32,scrapeChapterSegments
FN:35,(anonymous_4)
FN:42,(anonymous_5)
FN:53,(anonymous_6)
FN:73,(anonymous_7)
FN:74,(anonymous_8)
FN:82,(anonymous_9)
FN:86,(anonymous_10)
FNF:11
FNH:0
FNDA:0,clickWithRetry
FNDA:0,(anonymous_1)
FNDA:0,toSeconds
FNDA:0,scrapeChapterSegments
FNDA:0,(anonymous_4)
FNDA:0,(anonymous_5)
FNDA:0,(anonymous_6)
FNDA:0,(anonymous_7)
FNDA:0,(anonymous_8)
FNDA:0,(anonymous_9)
FNDA:0,(anonymous_10)
DA:6,0
DA:7,0
DA:8,0
DA:9,0
DA:10,0
DA:12,0
DA:14,0
DA:18,1
DA:22,0
DA:23,0
DA:24,0
DA:25,0
DA:27,0
DA:28,0
DA:32,1
DA:33,0
DA:34,0
DA:35,0
DA:38,0
DA:39,0
DA:42,0
DA:43,0
DA:45,0
DA:46,0
DA:47,0
DA:51,0
DA:52,0
DA:53,0
DA:55,0
DA:56,0
DA:57,0
DA:60,0
DA:61,0
DA:65,0
DA:66,0
DA:67,0
DA:68,0
DA:71,0
DA:73,0
DA:74,0
DA:75,0
DA:78,0
DA:82,0
DA:83,0
DA:86,0
LF:45
LH:2
BRDA:5,0,0,0
BRDA:5,1,0,0
BRDA:8,2,0,0
BRDA:8,2,1,0
BRDA:23,3,0,0
BRDA:23,3,1,0
BRDA:45,4,0,0
BRDA:45,4,1,0
BRDA:61,5,0,0
BRDA:61,5,1,0
BRDA:67,6,0,0
BRDA:67,6,1,0
BRDA:67,7,0,0
BRDA:67,7,1,0
BRDA:74,8,0,0
BRDA:74,8,1,0
BRDA:75,9,0,0
BRDA:75,9,1,0
BRF:18
BRH:0
end_of_record
TN:
SF:src\pipeline\transcriptParser.ts
FN:5,clickWithRetry
FN:12,(anonymous_1)
FN:17,openTranscriptPanel
FN:22,waitForTranscriptPanel
FN:26,(anonymous_4)
FN:31,parseTranscriptPanel
FN:37,(anonymous_6)
FN:50,parseTranscriptSegments
FN:54,(anonymous_8)
FNF:9
FNH:0
FNDA:0,clickWithRetry
FNDA:0,(anonymous_1)
FNDA:0,openTranscriptPanel
FNDA:0,waitForTranscriptPanel
FNDA:0,(anonymous_4)
FNDA:0,parseTranscriptPanel
FNDA:0,(anonymous_6)
FNDA:0,parseTranscriptSegments
FNDA:0,(anonymous_8)
DA:2,1
DA:6,0
DA:7,0
DA:8,0
DA:9,0
DA:10,0
DA:12,0
DA:14,0
DA:18,0
DA:19,0
DA:23,0
DA:24,0
DA:25,0
DA:26,0
DA:28,0
DA:32,0
DA:33,0
DA:35,0
DA:37,0
DA:38,0
DA:39,0
DA:40,0
DA:41,0
DA:43,0
DA:44,0
DA:47,0
DA:50,1
DA:51,0
DA:52,0
DA:53,0
DA:54,0
DA:55,0
DA:56,0
DA:58,0
DA:59,0
LF:35
LH:2
BRDA:5,0,0,0
BRDA:5,1,0,0
BRDA:8,2,0,0
BRDA:8,2,1,0
BRDA:22,3,0,0
BRDA:25,4,0,0
BRDA:25,4,1,0
BRDA:33,5,0,0
BRDA:33,5,1,0
BRDA:40,6,0,0
BRDA:40,6,1,0
BRDA:43,7,0,0
BRDA:43,7,1,0
BRDA:44,8,0,0
BRDA:44,8,1,0
BRF:15
BRH:0
end_of_record
TN:
SF:src\services\SmartDetectService.ts
FN:14,(anonymous_0)
FN:20,(anonymous_1)
FNF:2
FNH:0
FNDA:0,(anonymous_0)
FNDA:0,(anonymous_1)
DA:4,1
DA:5,0
DA:9,0
DA:12,0
DA:15,0
DA:16,0
DA:17,0
DA:21,0
DA:23,0
DA:24,0
DA:26,0
DA:27,0
DA:28,0
DA:31,0
DA:32,0
DA:33,0
DA:34,0
DA:35,0
DA:39,0
DA:40,0
DA:43,0
DA:46,0
DA:49,0
DA:50,0
DA:51,0
DA:57,0
DA:58,0
LF:27
LH:1
BRDA:15,0,0,0
BRDA:15,0,1,0
BRDA:16,1,0,0
BRDA:16,1,1,0
BRDA:17,2,0,0
BRDA:17,2,1,0
BRDA:26,3,0,0
BRDA:26,3,1,0
BRDA:32,4,0,0
BRDA:32,4,1,0
BRDA:33,5,0,0
BRDA:33,5,1,0
BRDA:39,6,0,0
BRDA:39,6,1,0
BRDA:49,7,0,0
BRDA:49,7,1,0
BRDA:50,8,0,0
BRDA:50,8,1,0
BRF:18
BRH:0
end_of_record
